{"C:\\Users\\pierr\\Projet Ynov\\CinePotes\\apps\\ms-mail\\src\\app.service.ts": {"path":"C:\\Users\\pierr\\Projet Ynov\\CinePotes\\apps\\ms-mail\\src\\app.service.ts","statementMap":{"0":{"start":{"line":1,"column":0},"end":{"line":1,"column":44}},"1":{"start":{"line":4,"column":7},"end":{"line":8,"column":null}},"2":{"start":{"line":6,"column":4},"end":{"line":6,"column":26}},"3":{"start":{"line":4,"column":13},"end":{"line":4,"column":23}},"4":{"start":{"line":4,"column":13},"end":{"line":8,"column":null}}},"fnMap":{"0":{"name":"(anonymous_1)","decl":{"start":{"line":5,"column":2},"end":{"line":5,"column":10}},"loc":{"start":{"line":5,"column":10},"end":{"line":7,"column":3}}}},"branchMap":{},"s":{"0":1,"1":1,"2":1,"3":1,"4":1},"f":{"0":1},"b":{}}
,"C:\\Users\\pierr\\Projet Ynov\\CinePotes\\apps\\ms-mail\\src\\mail\\mail.controller.ts": {"path":"C:\\Users\\pierr\\Projet Ynov\\CinePotes\\apps\\ms-mail\\src\\mail\\mail.controller.ts","statementMap":{"0":{"start":{"line":1,"column":0},"end":{"line":1,"column":83}},"1":{"start":{"line":2,"column":0},"end":{"line":2,"column":69}},"2":{"start":{"line":3,"column":0},"end":{"line":3,"column":45}},"3":{"start":{"line":4,"column":0},"end":{"line":4,"column":50}},"4":{"start":{"line":8,"column":7},"end":{"line":42,"column":null}},"5":{"start":{"line":9,"column":31},"end":{"line":9,"column":44}},"6":{"start":{"line":35,"column":20},"end":{"line":35,"column":61}},"7":{"start":{"line":37,"column":4},"end":{"line":40,"column":6}},"8":{"start":{"line":8,"column":13},"end":{"line":8,"column":27}},"9":{"start":{"line":20,"column":8},"end":{"line":30,"column":null}},"10":{"start":{"line":34,"column":8},"end":{"line":41,"column":null}},"11":{"start":{"line":8,"column":13},"end":{"line":42,"column":null}}},"fnMap":{"0":{"name":"(anonymous_4)","decl":{"start":{"line":9,"column":2},"end":{"line":9,"column":31}},"loc":{"start":{"line":9,"column":55},"end":{"line":9,"column":59}}},"1":{"name":"(anonymous_5)","decl":{"start":{"line":34,"column":8},"end":{"line":34,"column":18}},"loc":{"start":{"line":34,"column":18},"end":{"line":41,"column":3}}}},"branchMap":{"0":{"loc":{"start":{"line":39,"column":15},"end":{"line":39,"column":71}},"type":"cond-expr","locations":[{"start":{"line":39,"column":25},"end":{"line":39,"column":44}},{"start":{"line":39,"column":47},"end":{"line":39,"column":71}}]},"1":{"loc":{"start":{"line":20,"column":39},"end":{"line":20,"column":null}},"type":"cond-expr","locations":[{"start":{"line":20,"column":50},"end":{"line":20,"column":null}},{"start":{"line":20,"column":50},"end":{"line":20,"column":null}}]},"2":{"loc":{"start":{"line":20,"column":39},"end":{"line":20,"column":50}},"type":"binary-expr","locations":[{"start":{"line":20,"column":39},"end":{"line":20,"column":null}},{"start":{"line":20,"column":39},"end":{"line":20,"column":50}}]},"3":{"loc":{"start":{"line":9,"column":44},"end":{"line":9,"column":58}},"type":"cond-expr","locations":[{"start":{"line":9,"column":55},"end":{"line":9,"column":58}},{"start":{"line":9,"column":55},"end":{"line":9,"column":58}}]},"4":{"loc":{"start":{"line":9,"column":44},"end":{"line":9,"column":55}},"type":"binary-expr","locations":[{"start":{"line":9,"column":44},"end":{"line":9,"column":58}},{"start":{"line":9,"column":44},"end":{"line":9,"column":55}}]}},"s":{"0":1,"1":1,"2":1,"3":1,"4":1,"5":4,"6":2,"7":2,"8":1,"9":1,"10":1,"11":1},"f":{"0":4,"1":2},"b":{"0":[1,1],"1":[1,0],"2":[1,1],"3":[1,0],"4":[1,1]}}
,"C:\\Users\\pierr\\Projet Ynov\\CinePotes\\apps\\ms-mail\\src\\mail\\mail.service.ts": {"path":"C:\\Users\\pierr\\Projet Ynov\\CinePotes\\apps\\ms-mail\\src\\mail\\mail.service.ts","statementMap":{"0":{"start":{"line":1,"column":0},"end":{"line":1,"column":52}},"1":{"start":{"line":2,"column":0},"end":{"line":2,"column":47}},"2":{"start":{"line":4,"column":0},"end":{"line":4,"column":41}},"3":{"start":{"line":11,"column":24},"end":{"line":136,"column":null}},"4":{"start":{"line":12,"column":28},"end":{"line":12,"column":56}},"5":{"start":{"line":15,"column":22},"end":{"line":15,"column":37}},"6":{"start":{"line":16,"column":21},"end":{"line":16,"column":64}},"7":{"start":{"line":17,"column":21},"end":{"line":17,"column":64}},"8":{"start":{"line":18,"column":21},"end":{"line":18,"column":64}},"9":{"start":{"line":19,"column":25},"end":{"line":19,"column":72}},"10":{"start":{"line":21,"column":4},"end":{"line":23,"column":5}},"11":{"start":{"line":22,"column":6},"end":{"line":22,"column":52}},"12":{"start":{"line":25,"column":4},"end":{"line":34,"column":9}},"13":{"start":{"line":38,"column":22},"end":{"line":38,"column":57}},"14":{"start":{"line":40,"column":24},"end":{"line":46,"column":6}},"15":{"start":{"line":48,"column":4},"end":{"line":54,"column":5}},"16":{"start":{"line":49,"column":19},"end":{"line":49,"column":67}},"17":{"start":{"line":50,"column":6},"end":{"line":50,"column":81}},"18":{"start":{"line":52,"column":6},"end":{"line":52,"column":70}},"19":{"start":{"line":53,"column":6},"end":{"line":53,"column":55}},"20":{"start":{"line":58,"column":4},"end":{"line":123,"column":6}},"21":{"start":{"line":127,"column":4},"end":{"line":134,"column":5}},"22":{"start":{"line":128,"column":6},"end":{"line":128,"column":42}},"23":{"start":{"line":129,"column":6},"end":{"line":129,"column":61}},"24":{"start":{"line":130,"column":6},"end":{"line":130,"column":18}},"25":{"start":{"line":132,"column":6},"end":{"line":132,"column":59}},"26":{"start":{"line":133,"column":6},"end":{"line":133,"column":19}},"27":{"start":{"line":11,"column":13},"end":{"line":11,"column":24}},"28":{"start":{"line":11,"column":13},"end":{"line":136,"column":null}}},"fnMap":{"0":{"name":"(anonymous_11)","decl":{"start":{"line":15,"column":2},"end":{"line":15,"column":22}},"loc":{"start":{"line":15,"column":50},"end":{"line":35,"column":3}}},"1":{"name":"(anonymous_12)","decl":{"start":{"line":37,"column":2},"end":{"line":37,"column":7}},"loc":{"start":{"line":37,"column":67},"end":{"line":55,"column":3}}},"2":{"name":"(anonymous_13)","decl":{"start":{"line":57,"column":10},"end":{"line":57,"column":28}},"loc":{"start":{"line":57,"column":44},"end":{"line":124,"column":3}}},"3":{"name":"(anonymous_14)","decl":{"start":{"line":126,"column":2},"end":{"line":126,"column":7}},"loc":{"start":{"line":126,"column":24},"end":{"line":135,"column":3}}}},"branchMap":{"0":{"loc":{"start":{"line":21,"column":4},"end":{"line":23,"column":5}},"type":"if","locations":[{"start":{"line":21,"column":4},"end":{"line":23,"column":5}},{"start":{},"end":{}}]},"1":{"loc":{"start":{"line":21,"column":8},"end":{"line":21,"column":60}},"type":"binary-expr","locations":[{"start":{"line":21,"column":8},"end":{"line":21,"column":17}},{"start":{"line":21,"column":21},"end":{"line":21,"column":30}},{"start":{"line":21,"column":34},"end":{"line":21,"column":43}},{"start":{"line":21,"column":47},"end":{"line":21,"column":60}}]},"2":{"loc":{"start":{"line":15,"column":37},"end":{"line":15,"column":null}},"type":"cond-expr","locations":[{"start":{"line":15,"column":50},"end":{"line":15,"column":null}},{"start":{"line":15,"column":50},"end":{"line":15,"column":null}}]},"3":{"loc":{"start":{"line":15,"column":37},"end":{"line":15,"column":50}},"type":"binary-expr","locations":[{"start":{"line":15,"column":37},"end":{"line":15,"column":null}},{"start":{"line":15,"column":37},"end":{"line":15,"column":50}}]}},"s":{"0":2,"1":2,"2":2,"3":2,"4":5,"5":5,"6":5,"7":5,"8":5,"9":5,"10":5,"11":0,"12":5,"13":2,"14":2,"15":2,"16":2,"17":1,"18":1,"19":1,"20":2,"21":2,"22":2,"23":1,"24":1,"25":1,"26":1,"27":2,"28":2},"f":{"0":5,"1":2,"2":2,"3":2},"b":{"0":[0,5],"1":[5,5,5,5],"2":[2,0],"3":[2,2]}}
,"C:\\Users\\pierr\\Projet Ynov\\CinePotes\\apps\\ms-mail\\src\\mail\\dto\\send-link.dto.ts": {"path":"C:\\Users\\pierr\\Projet Ynov\\CinePotes\\apps\\ms-mail\\src\\mail\\dto\\send-link.dto.ts","statementMap":{"0":{"start":{"line":1,"column":0},"end":{"line":1,"column":46}},"1":{"start":{"line":2,"column":0},"end":{"line":2,"column":64}},"2":{"start":{"line":4,"column":0},"end":{"line":4,"column":13}},"3":{"start":{"line":11,"column":2},"end":{"line":11,"column":null}},"4":{"start":{"line":19,"column":2},"end":{"line":19,"column":null}},"5":{"start":{"line":32,"column":2},"end":{"line":32,"column":null}}},"fnMap":{},"branchMap":{},"s":{"0":1,"1":1,"2":1,"3":1,"4":1,"5":1},"f":{},"b":{}}
}
