TN:
SF:src\app.service.ts
FN:5,(anonymous_1)
FNF:1
FNH:1
FNDA:1,(anonymous_1)
DA:1,1
DA:4,1
DA:6,1
LF:3
LH:3
BRF:0
BRH:0
end_of_record
TN:
SF:src\mail\mail.controller.ts
FN:9,(anonymous_4)
FN:34,(anonymous_5)
FNF:2
FNH:2
FNDA:4,(anonymous_4)
FNDA:2,(anonymous_5)
DA:1,1
DA:2,1
DA:3,1
DA:4,1
DA:8,1
DA:9,4
DA:20,1
DA:34,1
DA:35,2
DA:37,2
LF:10
LH:10
BRDA:39,0,0,1
BRDA:39,0,1,1
BRDA:20,1,0,1
BRDA:20,1,1,0
BRDA:20,2,0,1
BRDA:20,2,1,1
BRDA:9,3,0,1
BRDA:9,3,1,0
BRDA:9,4,0,1
BRDA:9,4,1,1
BRF:10
BRH:8
end_of_record
TN:
SF:src\mail\mail.service.ts
FN:15,(anonymous_11)
FN:37,(anonymous_12)
FN:57,(anonymous_13)
FN:126,(anonymous_14)
FNF:4
FNH:4
FNDA:5,(anonymous_11)
FNDA:2,(anonymous_12)
FNDA:2,(anonymous_13)
FNDA:2,(anonymous_14)
DA:1,2
DA:2,2
DA:4,2
DA:11,2
DA:12,5
DA:15,5
DA:16,5
DA:17,5
DA:18,5
DA:19,5
DA:21,5
DA:22,0
DA:25,5
DA:38,2
DA:40,2
DA:48,2
DA:49,2
DA:50,1
DA:52,1
DA:53,1
DA:58,2
DA:127,2
DA:128,2
DA:129,1
DA:130,1
DA:132,1
DA:133,1
LF:27
LH:26
BRDA:21,0,0,0
BRDA:21,0,1,5
BRDA:21,1,0,5
BRDA:21,1,1,5
BRDA:21,1,2,5
BRDA:21,1,3,5
BRDA:15,2,0,2
BRDA:15,2,1,0
BRDA:15,3,0,2
BRDA:15,3,1,2
BRF:10
BRH:8
end_of_record
TN:
SF:src\mail\dto\send-link.dto.ts
FNF:0
FNH:0
DA:1,1
DA:2,1
DA:4,1
DA:11,1
DA:19,1
DA:32,1
LF:6
LH:6
BRF:0
BRH:0
end_of_record
